2023-03-15 21:06:32,422 DEBUG o.a.p.o.o.PackageRelationshipCollection [main] Parsing relationship: /xl/_rels/workbook.xml.rels
2023-03-15 21:06:32,428 DEBUG o.a.p.o.o.PackageRelationshipCollection [main] Parsing relationship: /xl/worksheets/_rels/sheet1.xml.rels
2023-03-15 21:06:32,429 DEBUG o.a.p.o.o.PackageRelationshipCollection [main] Parsing relationship: /_rels/.rels
2023-03-15 21:06:32,544 TRACE o.a.x.i.c.XBeanDebug [main] Loading type system org.apache.poi.schemas.ooxml.system.ooxml
2023-03-15 21:06:32,546 TRACE o.a.x.i.c.XBeanDebug [main] Loading type system org.apache.xmlbeans.metadata.system.sXMLCONFIG
2023-03-15 21:06:32,559 TRACE o.a.x.i.c.XBeanDebug [main] Loading type system org.apache.xmlbeans.metadata.system.sXMLLANG
2023-03-15 21:06:32,560 TRACE o.a.x.i.c.XBeanDebug [main] Loading type system org.apache.xmlbeans.metadata.system.sXMLSCHEMA
2023-03-15 21:06:32,561 TRACE o.a.x.i.c.XBeanDebug [main] Loading type system org.apache.xmlbeans.metadata.system.sXMLTOOLS
2023-03-15 21:06:32,562 TRACE o.a.x.i.c.XBeanDebug [main] Reading unresolved handles for type system org.apache.xmlbeans.metadata.system.sXMLTOOLS
2023-03-15 21:06:32,571 TRACE o.a.x.i.c.XBeanDebug [main] Finished loading type system org.apache.xmlbeans.metadata.system.sXMLTOOLS
2023-03-15 21:06:32,572 TRACE o.a.x.i.c.XBeanDebug [main] Reading unresolved handles for type system org.apache.xmlbeans.metadata.system.sXMLSCHEMA
2023-03-15 21:06:32,577 TRACE o.a.x.i.c.XBeanDebug [main] Finished loading type system org.apache.xmlbeans.metadata.system.sXMLSCHEMA
2023-03-15 21:06:32,577 TRACE o.a.x.i.c.XBeanDebug [main] Reading unresolved handles for type system org.apache.xmlbeans.metadata.system.sXMLLANG
2023-03-15 21:06:32,578 TRACE o.a.x.i.c.XBeanDebug [main] Finished loading type system org.apache.xmlbeans.metadata.system.sXMLLANG
2023-03-15 21:06:32,579 TRACE o.a.x.i.c.XBeanDebug [main] Reading unresolved handles for type system org.apache.xmlbeans.metadata.system.sXMLCONFIG
2023-03-15 21:06:32,580 TRACE o.a.x.i.c.XBeanDebug [main] Finished loading type system org.apache.xmlbeans.metadata.system.sXMLCONFIG
2023-03-15 21:06:32,580 TRACE o.a.x.i.c.XBeanDebug [main] Reading unresolved handles for type system org.apache.poi.schemas.ooxml.system.ooxml
2023-03-15 21:06:32,659 TRACE o.a.x.i.c.XBeanDebug [main] Finished loading type system org.apache.poi.schemas.ooxml.system.ooxml
2023-03-15 21:06:32,660 TRACE o.a.x.i.c.XBeanDebug [main] Resolving type for handle themefd26doctype
2023-03-15 21:06:32,733 TRACE o.a.x.i.c.XBeanDebug [main] Resolving type for handle stylesheet5d8bdoctype
2023-03-15 21:06:32,738 TRACE o.a.x.i.c.XBeanDebug [main] Resolving type for handle ctstylesheet4257type
2023-03-15 21:06:32,742 TRACE o.a.x.i.c.XBeanDebug [main] Resolving type for handle ctfonts6623type
2023-03-15 21:06:32,744 TRACE o.a.x.i.c.XBeanDebug [main] Resolving type for handle ctfont14d8type
2023-03-15 21:06:32,748 TRACE o.a.x.i.c.XBeanDebug [main] Resolving type for handle ctfills2c6ftype
2023-03-15 21:06:32,749 TRACE o.a.x.i.c.XBeanDebug [main] Resolving type for handle ctfill550ctype
2023-03-15 21:06:32,750 TRACE o.a.x.i.c.XBeanDebug [main] Resolving type for handle ctborders0d66type
2023-03-15 21:06:32,752 TRACE o.a.x.i.c.XBeanDebug [main] Resolving type for handle ctborderf935type
2023-03-15 21:06:32,754 TRACE o.a.x.i.c.XBeanDebug [main] Resolving type for handle ctcellxfs1322type
2023-03-15 21:06:32,756 TRACE o.a.x.i.c.XBeanDebug [main] Resolving type for handle ctxf97f7type
2023-03-15 21:06:32,758 TRACE o.a.x.i.c.XBeanDebug [main] Resolving type for handle ctcellstylexfsa81ftype
2023-03-15 21:06:32,759 TRACE o.a.x.i.c.XBeanDebug [main] Resolving type for handle ctdxfsb26atype
2023-03-15 21:06:32,761 TRACE o.a.x.i.c.XBeanDebug [main] Resolving type for handle cttablestyles872ftype
2023-03-15 21:06:32,763 TRACE o.a.x.i.c.XBeanDebug [main] Resolving type for handle sstf81fdoctype
2023-03-15 21:06:32,765 TRACE o.a.x.i.c.XBeanDebug [main] Resolving type for handle ctsst44f3type
2023-03-15 21:06:32,770 TRACE o.a.x.i.c.XBeanDebug [main] Resolving type for handle ctrsta472type
2023-03-15 21:06:32,778 DEBUG o.a.p.o.POIXMLFactory [main] using default POIXMLDocumentPart for http://schemas.openxmlformats.org/officeDocument/2006/relationships/printerSettings
2023-03-15 21:06:32,778 TRACE o.a.x.i.c.XBeanDebug [main] Resolving type for handle workbookec17doctype
2023-03-15 21:06:32,781 TRACE o.a.x.i.c.XBeanDebug [main] Resolving type for handle ctworkbook83c3type
2023-03-15 21:06:32,784 TRACE o.a.x.i.c.XBeanDebug [main] Resolving type for handle ctsheets49fdtype
2023-03-15 21:06:32,785 TRACE o.a.x.i.c.XBeanDebug [main] Resolving type for handle ctsheet4dbetype
2023-03-15 21:06:32,786 TRACE o.a.x.i.c.XBeanDebug [main] Resolving type for handle strelationshipid1e94type
2023-03-15 21:06:32,787 TRACE o.a.x.i.c.XBeanDebug [main] Resolving type for handle worksheetf539doctype
2023-03-15 21:06:32,790 TRACE o.a.x.i.c.XBeanDebug [main] Resolving type for handle ctworksheet530dtype
2023-03-15 21:06:32,793 TRACE o.a.x.i.c.XBeanDebug [main] Resolving type for handle ctsheetdata8408type
2023-03-15 21:06:32,794 TRACE o.a.x.i.c.XBeanDebug [main] Resolving type for handle ctrowdd39type
2023-03-15 21:06:32,798 TRACE o.a.x.i.c.XBeanDebug [main] Resolving type for handle ctcell842btype
2023-03-15 21:06:32,801 TRACE o.a.x.i.c.XBeanDebug [main] Resolving type for handle stcellrefe4e0type
2023-03-15 21:06:32,805 TRACE o.a.x.i.c.XBeanDebug [main] Resolving type for handle ctcols627ctype
2023-03-15 21:06:32,808 TRACE o.a.x.i.c.XBeanDebug [main] Resolving type for handle ctcola95ftype
2023-03-15 21:06:32,818 TRACE o.a.x.i.c.XBeanDebug [main] Resolving type for handle stxstringf179type
2023-03-15 21:06:32,825 DEBUG o.a.p.o.o.PackageRelationshipCollection [main] Parsing relationship: /xl/_rels/workbook.xml.rels
2023-03-15 21:06:32,826 DEBUG o.a.p.o.o.PackageRelationshipCollection [main] Parsing relationship: /xl/worksheets/_rels/sheet1.xml.rels
2023-03-15 21:06:32,827 DEBUG o.a.p.o.o.PackageRelationshipCollection [main] Parsing relationship: /_rels/.rels
2023-03-15 21:06:32,835 DEBUG o.a.p.o.POIXMLFactory [main] using default POIXMLDocumentPart for http://schemas.openxmlformats.org/officeDocument/2006/relationships/printerSettings
2023-03-15 21:06:32,839 TRACE o.a.x.i.c.XBeanDebug [main] Resolving type for handle stcelltypebf95type
