2023-03-15 21:38:29,100 DEBUG o.a.p.o.o.PackageRelationshipCollection [main] Parsing relationship: /xl/_rels/workbook.xml.rels
2023-03-15 21:38:29,109 DEBUG o.a.p.o.o.PackageRelationshipCollection [main] Parsing relationship: /xl/worksheets/_rels/sheet1.xml.rels
2023-03-15 21:38:29,133 DEBUG o.a.p.o.o.PackageRelationshipCollection [main] Parsing relationship: /_rels/.rels
2023-03-15 21:38:29,291 TRACE o.a.x.i.c.XBeanDebug [main] Loading type system org.apache.poi.schemas.ooxml.system.ooxml
2023-03-15 21:38:29,295 TRACE o.a.x.i.c.XBeanDebug [main] Loading type system org.apache.xmlbeans.metadata.system.sXMLCONFIG
2023-03-15 21:38:29,296 TRACE o.a.x.i.c.XBeanDebug [main] Loading type system org.apache.xmlbeans.metadata.system.sXMLLANG
2023-03-15 21:38:29,297 TRACE o.a.x.i.c.XBeanDebug [main] Loading type system org.apache.xmlbeans.metadata.system.sXMLSCHEMA
2023-03-15 21:38:29,298 TRACE o.a.x.i.c.XBeanDebug [main] Loading type system org.apache.xmlbeans.metadata.system.sXMLTOOLS
2023-03-15 21:38:29,300 TRACE o.a.x.i.c.XBeanDebug [main] Reading unresolved handles for type system org.apache.xmlbeans.metadata.system.sXMLTOOLS
2023-03-15 21:38:29,315 TRACE o.a.x.i.c.XBeanDebug [main] Finished loading type system org.apache.xmlbeans.metadata.system.sXMLTOOLS
2023-03-15 21:38:29,315 TRACE o.a.x.i.c.XBeanDebug [main] Reading unresolved handles for type system org.apache.xmlbeans.metadata.system.sXMLSCHEMA
2023-03-15 21:38:29,322 TRACE o.a.x.i.c.XBeanDebug [main] Finished loading type system org.apache.xmlbeans.metadata.system.sXMLSCHEMA
2023-03-15 21:38:29,323 TRACE o.a.x.i.c.XBeanDebug [main] Reading unresolved handles for type system org.apache.xmlbeans.metadata.system.sXMLLANG
2023-03-15 21:38:29,324 TRACE o.a.x.i.c.XBeanDebug [main] Finished loading type system org.apache.xmlbeans.metadata.system.sXMLLANG
2023-03-15 21:38:29,325 TRACE o.a.x.i.c.XBeanDebug [main] Reading unresolved handles for type system org.apache.xmlbeans.metadata.system.sXMLCONFIG
2023-03-15 21:38:29,326 TRACE o.a.x.i.c.XBeanDebug [main] Finished loading type system org.apache.xmlbeans.metadata.system.sXMLCONFIG
2023-03-15 21:38:29,328 TRACE o.a.x.i.c.XBeanDebug [main] Reading unresolved handles for type system org.apache.poi.schemas.ooxml.system.ooxml
2023-03-15 21:38:29,392 TRACE o.a.x.i.c.XBeanDebug [main] Finished loading type system org.apache.poi.schemas.ooxml.system.ooxml
2023-03-15 21:38:29,393 TRACE o.a.x.i.c.XBeanDebug [main] Resolving type for handle themefd26doctype
2023-03-15 21:38:29,440 TRACE o.a.x.i.c.XBeanDebug [main] Resolving type for handle stylesheet5d8bdoctype
2023-03-15 21:38:29,444 TRACE o.a.x.i.c.XBeanDebug [main] Resolving type for handle ctstylesheet4257type
2023-03-15 21:38:29,448 TRACE o.a.x.i.c.XBeanDebug [main] Resolving type for handle ctfonts6623type
2023-03-15 21:38:29,451 TRACE o.a.x.i.c.XBeanDebug [main] Resolving type for handle ctfont14d8type
2023-03-15 21:38:29,455 TRACE o.a.x.i.c.XBeanDebug [main] Resolving type for handle ctfills2c6ftype
2023-03-15 21:38:29,457 TRACE o.a.x.i.c.XBeanDebug [main] Resolving type for handle ctfill550ctype
2023-03-15 21:38:29,459 TRACE o.a.x.i.c.XBeanDebug [main] Resolving type for handle ctborders0d66type
2023-03-15 21:38:29,461 TRACE o.a.x.i.c.XBeanDebug [main] Resolving type for handle ctborderf935type
2023-03-15 21:38:29,463 TRACE o.a.x.i.c.XBeanDebug [main] Resolving type for handle ctcellxfs1322type
2023-03-15 21:38:29,465 TRACE o.a.x.i.c.XBeanDebug [main] Resolving type for handle ctxf97f7type
2023-03-15 21:38:29,468 TRACE o.a.x.i.c.XBeanDebug [main] Resolving type for handle ctcellstylexfsa81ftype
2023-03-15 21:38:29,470 TRACE o.a.x.i.c.XBeanDebug [main] Resolving type for handle ctdxfsb26atype
2023-03-15 21:38:29,472 TRACE o.a.x.i.c.XBeanDebug [main] Resolving type for handle cttablestyles872ftype
2023-03-15 21:38:29,475 TRACE o.a.x.i.c.XBeanDebug [main] Resolving type for handle sstf81fdoctype
2023-03-15 21:38:29,478 TRACE o.a.x.i.c.XBeanDebug [main] Resolving type for handle ctsst44f3type
2023-03-15 21:38:29,483 TRACE o.a.x.i.c.XBeanDebug [main] Resolving type for handle ctrsta472type
2023-03-15 21:38:29,494 DEBUG o.a.p.o.POIXMLFactory [main] using default POIXMLDocumentPart for http://schemas.openxmlformats.org/officeDocument/2006/relationships/printerSettings
2023-03-15 21:38:29,495 TRACE o.a.x.i.c.XBeanDebug [main] Resolving type for handle workbookec17doctype
2023-03-15 21:38:29,500 TRACE o.a.x.i.c.XBeanDebug [main] Resolving type for handle ctworkbook83c3type
2023-03-15 21:38:29,504 TRACE o.a.x.i.c.XBeanDebug [main] Resolving type for handle ctsheets49fdtype
2023-03-15 21:38:29,506 TRACE o.a.x.i.c.XBeanDebug [main] Resolving type for handle ctsheet4dbetype
2023-03-15 21:38:29,507 TRACE o.a.x.i.c.XBeanDebug [main] Resolving type for handle strelationshipid1e94type
2023-03-15 21:38:29,508 TRACE o.a.x.i.c.XBeanDebug [main] Resolving type for handle worksheetf539doctype
2023-03-15 21:38:29,512 TRACE o.a.x.i.c.XBeanDebug [main] Resolving type for handle ctworksheet530dtype
2023-03-15 21:38:29,517 TRACE o.a.x.i.c.XBeanDebug [main] Resolving type for handle ctsheetdata8408type
2023-03-15 21:38:29,520 TRACE o.a.x.i.c.XBeanDebug [main] Resolving type for handle ctrowdd39type
2023-03-15 21:38:29,524 TRACE o.a.x.i.c.XBeanDebug [main] Resolving type for handle ctcell842btype
2023-03-15 21:38:29,530 TRACE o.a.x.i.c.XBeanDebug [main] Resolving type for handle stcellrefe4e0type
2023-03-15 21:38:29,537 TRACE o.a.x.i.c.XBeanDebug [main] Resolving type for handle ctcols627ctype
2023-03-15 21:38:29,543 TRACE o.a.x.i.c.XBeanDebug [main] Resolving type for handle ctcola95ftype
2023-03-15 21:38:29,564 TRACE o.a.x.i.c.XBeanDebug [main] Resolving type for handle stxstringf179type
2023-03-15 21:38:29,567 TRACE o.a.x.i.c.XBeanDebug [main] Resolving type for handle stcelltypebf95type
