2023-03-15 21:24:01,059 DEBUG o.a.p.o.o.PackageRelationshipCollection [main] Parsing relationship: /xl/_rels/workbook.xml.rels
2023-03-15 21:24:01,064 DEBUG o.a.p.o.o.PackageRelationshipCollection [main] Parsing relationship: /xl/worksheets/_rels/sheet1.xml.rels
2023-03-15 21:24:01,065 DEBUG o.a.p.o.o.PackageRelationshipCollection [main] Parsing relationship: /_rels/.rels
2023-03-15 21:24:01,174 TRACE o.a.x.i.c.XBeanDebug [main] Loading type system org.apache.poi.schemas.ooxml.system.ooxml
2023-03-15 21:24:01,176 TRACE o.a.x.i.c.XBeanDebug [main] Loading type system org.apache.xmlbeans.metadata.system.sXMLCONFIG
2023-03-15 21:24:01,188 TRACE o.a.x.i.c.XBeanDebug [main] Loading type system org.apache.xmlbeans.metadata.system.sXMLLANG
2023-03-15 21:24:01,189 TRACE o.a.x.i.c.XBeanDebug [main] Loading type system org.apache.xmlbeans.metadata.system.sXMLSCHEMA
2023-03-15 21:24:01,190 TRACE o.a.x.i.c.XBeanDebug [main] Loading type system org.apache.xmlbeans.metadata.system.sXMLTOOLS
2023-03-15 21:24:01,191 TRACE o.a.x.i.c.XBeanDebug [main] Reading unresolved handles for type system org.apache.xmlbeans.metadata.system.sXMLTOOLS
2023-03-15 21:24:01,198 TRACE o.a.x.i.c.XBeanDebug [main] Finished loading type system org.apache.xmlbeans.metadata.system.sXMLTOOLS
2023-03-15 21:24:01,199 TRACE o.a.x.i.c.XBeanDebug [main] Reading unresolved handles for type system org.apache.xmlbeans.metadata.system.sXMLSCHEMA
2023-03-15 21:24:01,201 TRACE o.a.x.i.c.XBeanDebug [main] Finished loading type system org.apache.xmlbeans.metadata.system.sXMLSCHEMA
2023-03-15 21:24:01,202 TRACE o.a.x.i.c.XBeanDebug [main] Reading unresolved handles for type system org.apache.xmlbeans.metadata.system.sXMLLANG
2023-03-15 21:24:01,203 TRACE o.a.x.i.c.XBeanDebug [main] Finished loading type system org.apache.xmlbeans.metadata.system.sXMLLANG
2023-03-15 21:24:01,203 TRACE o.a.x.i.c.XBeanDebug [main] Reading unresolved handles for type system org.apache.xmlbeans.metadata.system.sXMLCONFIG
2023-03-15 21:24:01,204 TRACE o.a.x.i.c.XBeanDebug [main] Finished loading type system org.apache.xmlbeans.metadata.system.sXMLCONFIG
2023-03-15 21:24:01,204 TRACE o.a.x.i.c.XBeanDebug [main] Reading unresolved handles for type system org.apache.poi.schemas.ooxml.system.ooxml
2023-03-15 21:24:01,244 TRACE o.a.x.i.c.XBeanDebug [main] Finished loading type system org.apache.poi.schemas.ooxml.system.ooxml
2023-03-15 21:24:01,245 TRACE o.a.x.i.c.XBeanDebug [main] Resolving type for handle themefd26doctype
2023-03-15 21:24:01,286 TRACE o.a.x.i.c.XBeanDebug [main] Resolving type for handle stylesheet5d8bdoctype
2023-03-15 21:24:01,290 TRACE o.a.x.i.c.XBeanDebug [main] Resolving type for handle ctstylesheet4257type
2023-03-15 21:24:01,293 TRACE o.a.x.i.c.XBeanDebug [main] Resolving type for handle ctfonts6623type
2023-03-15 21:24:01,295 TRACE o.a.x.i.c.XBeanDebug [main] Resolving type for handle ctfont14d8type
2023-03-15 21:24:01,300 TRACE o.a.x.i.c.XBeanDebug [main] Resolving type for handle ctfills2c6ftype
2023-03-15 21:24:01,302 TRACE o.a.x.i.c.XBeanDebug [main] Resolving type for handle ctfill550ctype
2023-03-15 21:24:01,303 TRACE o.a.x.i.c.XBeanDebug [main] Resolving type for handle ctborders0d66type
2023-03-15 21:24:01,305 TRACE o.a.x.i.c.XBeanDebug [main] Resolving type for handle ctborderf935type
2023-03-15 21:24:01,307 TRACE o.a.x.i.c.XBeanDebug [main] Resolving type for handle ctcellxfs1322type
2023-03-15 21:24:01,308 TRACE o.a.x.i.c.XBeanDebug [main] Resolving type for handle ctxf97f7type
2023-03-15 21:24:01,311 TRACE o.a.x.i.c.XBeanDebug [main] Resolving type for handle ctcellstylexfsa81ftype
2023-03-15 21:24:01,312 TRACE o.a.x.i.c.XBeanDebug [main] Resolving type for handle ctdxfsb26atype
2023-03-15 21:24:01,314 TRACE o.a.x.i.c.XBeanDebug [main] Resolving type for handle cttablestyles872ftype
2023-03-15 21:24:01,316 TRACE o.a.x.i.c.XBeanDebug [main] Resolving type for handle sstf81fdoctype
2023-03-15 21:24:01,319 TRACE o.a.x.i.c.XBeanDebug [main] Resolving type for handle ctsst44f3type
2023-03-15 21:24:01,324 TRACE o.a.x.i.c.XBeanDebug [main] Resolving type for handle ctrsta472type
2023-03-15 21:24:01,333 DEBUG o.a.p.o.POIXMLFactory [main] using default POIXMLDocumentPart for http://schemas.openxmlformats.org/officeDocument/2006/relationships/printerSettings
2023-03-15 21:24:01,334 TRACE o.a.x.i.c.XBeanDebug [main] Resolving type for handle workbookec17doctype
2023-03-15 21:24:01,336 TRACE o.a.x.i.c.XBeanDebug [main] Resolving type for handle ctworkbook83c3type
2023-03-15 21:24:01,339 TRACE o.a.x.i.c.XBeanDebug [main] Resolving type for handle ctsheets49fdtype
2023-03-15 21:24:01,341 TRACE o.a.x.i.c.XBeanDebug [main] Resolving type for handle ctsheet4dbetype
2023-03-15 21:24:01,342 TRACE o.a.x.i.c.XBeanDebug [main] Resolving type for handle strelationshipid1e94type
2023-03-15 21:24:01,343 TRACE o.a.x.i.c.XBeanDebug [main] Resolving type for handle worksheetf539doctype
2023-03-15 21:24:01,345 TRACE o.a.x.i.c.XBeanDebug [main] Resolving type for handle ctworksheet530dtype
2023-03-15 21:24:01,349 TRACE o.a.x.i.c.XBeanDebug [main] Resolving type for handle ctsheetdata8408type
2023-03-15 21:24:01,350 TRACE o.a.x.i.c.XBeanDebug [main] Resolving type for handle ctrowdd39type
2023-03-15 21:24:01,352 TRACE o.a.x.i.c.XBeanDebug [main] Resolving type for handle ctcell842btype
2023-03-15 21:24:01,356 TRACE o.a.x.i.c.XBeanDebug [main] Resolving type for handle stcellrefe4e0type
2023-03-15 21:24:01,359 TRACE o.a.x.i.c.XBeanDebug [main] Resolving type for handle ctcols627ctype
2023-03-15 21:24:01,362 TRACE o.a.x.i.c.XBeanDebug [main] Resolving type for handle ctcola95ftype
2023-03-15 21:24:01,372 TRACE o.a.x.i.c.XBeanDebug [main] Resolving type for handle stxstringf179type
