2023-03-15 21:22:53,427 DEBUG o.a.p.o.o.PackageRelationshipCollection [main] Parsing relationship: /xl/_rels/workbook.xml.rels
2023-03-15 21:22:53,432 DEBUG o.a.p.o.o.PackageRelationshipCollection [main] Parsing relationship: /xl/worksheets/_rels/sheet1.xml.rels
2023-03-15 21:22:53,433 DEBUG o.a.p.o.o.PackageRelationshipCollection [main] Parsing relationship: /_rels/.rels
2023-03-15 21:22:53,536 TRACE o.a.x.i.c.XBeanDebug [main] Loading type system org.apache.poi.schemas.ooxml.system.ooxml
2023-03-15 21:22:53,538 TRACE o.a.x.i.c.XBeanDebug [main] Loading type system org.apache.xmlbeans.metadata.system.sXMLCONFIG
2023-03-15 21:22:53,550 TRACE o.a.x.i.c.XBeanDebug [main] Loading type system org.apache.xmlbeans.metadata.system.sXMLLANG
2023-03-15 21:22:53,550 TRACE o.a.x.i.c.XBeanDebug [main] Loading type system org.apache.xmlbeans.metadata.system.sXMLSCHEMA
2023-03-15 21:22:53,551 TRACE o.a.x.i.c.XBeanDebug [main] Loading type system org.apache.xmlbeans.metadata.system.sXMLTOOLS
2023-03-15 21:22:53,552 TRACE o.a.x.i.c.XBeanDebug [main] Reading unresolved handles for type system org.apache.xmlbeans.metadata.system.sXMLTOOLS
2023-03-15 21:22:53,559 TRACE o.a.x.i.c.XBeanDebug [main] Finished loading type system org.apache.xmlbeans.metadata.system.sXMLTOOLS
2023-03-15 21:22:53,559 TRACE o.a.x.i.c.XBeanDebug [main] Reading unresolved handles for type system org.apache.xmlbeans.metadata.system.sXMLSCHEMA
2023-03-15 21:22:53,562 TRACE o.a.x.i.c.XBeanDebug [main] Finished loading type system org.apache.xmlbeans.metadata.system.sXMLSCHEMA
2023-03-15 21:22:53,563 TRACE o.a.x.i.c.XBeanDebug [main] Reading unresolved handles for type system org.apache.xmlbeans.metadata.system.sXMLLANG
2023-03-15 21:22:53,563 TRACE o.a.x.i.c.XBeanDebug [main] Finished loading type system org.apache.xmlbeans.metadata.system.sXMLLANG
2023-03-15 21:22:53,563 TRACE o.a.x.i.c.XBeanDebug [main] Reading unresolved handles for type system org.apache.xmlbeans.metadata.system.sXMLCONFIG
2023-03-15 21:22:53,564 TRACE o.a.x.i.c.XBeanDebug [main] Finished loading type system org.apache.xmlbeans.metadata.system.sXMLCONFIG
2023-03-15 21:22:53,565 TRACE o.a.x.i.c.XBeanDebug [main] Reading unresolved handles for type system org.apache.poi.schemas.ooxml.system.ooxml
2023-03-15 21:22:53,603 TRACE o.a.x.i.c.XBeanDebug [main] Finished loading type system org.apache.poi.schemas.ooxml.system.ooxml
2023-03-15 21:22:53,604 TRACE o.a.x.i.c.XBeanDebug [main] Resolving type for handle themefd26doctype
2023-03-15 21:22:53,643 TRACE o.a.x.i.c.XBeanDebug [main] Resolving type for handle stylesheet5d8bdoctype
2023-03-15 21:22:53,647 TRACE o.a.x.i.c.XBeanDebug [main] Resolving type for handle ctstylesheet4257type
2023-03-15 21:22:53,650 TRACE o.a.x.i.c.XBeanDebug [main] Resolving type for handle ctfonts6623type
2023-03-15 21:22:53,652 TRACE o.a.x.i.c.XBeanDebug [main] Resolving type for handle ctfont14d8type
2023-03-15 21:22:53,656 TRACE o.a.x.i.c.XBeanDebug [main] Resolving type for handle ctfills2c6ftype
2023-03-15 21:22:53,658 TRACE o.a.x.i.c.XBeanDebug [main] Resolving type for handle ctfill550ctype
2023-03-15 21:22:53,659 TRACE o.a.x.i.c.XBeanDebug [main] Resolving type for handle ctborders0d66type
2023-03-15 21:22:53,661 TRACE o.a.x.i.c.XBeanDebug [main] Resolving type for handle ctborderf935type
2023-03-15 21:22:53,664 TRACE o.a.x.i.c.XBeanDebug [main] Resolving type for handle ctcellxfs1322type
2023-03-15 21:22:53,665 TRACE o.a.x.i.c.XBeanDebug [main] Resolving type for handle ctxf97f7type
2023-03-15 21:22:53,667 TRACE o.a.x.i.c.XBeanDebug [main] Resolving type for handle ctcellstylexfsa81ftype
2023-03-15 21:22:53,668 TRACE o.a.x.i.c.XBeanDebug [main] Resolving type for handle ctdxfsb26atype
2023-03-15 21:22:53,670 TRACE o.a.x.i.c.XBeanDebug [main] Resolving type for handle cttablestyles872ftype
2023-03-15 21:22:53,672 TRACE o.a.x.i.c.XBeanDebug [main] Resolving type for handle sstf81fdoctype
2023-03-15 21:22:53,675 TRACE o.a.x.i.c.XBeanDebug [main] Resolving type for handle ctsst44f3type
2023-03-15 21:22:53,680 TRACE o.a.x.i.c.XBeanDebug [main] Resolving type for handle ctrsta472type
2023-03-15 21:22:53,689 DEBUG o.a.p.o.POIXMLFactory [main] using default POIXMLDocumentPart for http://schemas.openxmlformats.org/officeDocument/2006/relationships/printerSettings
2023-03-15 21:22:53,690 TRACE o.a.x.i.c.XBeanDebug [main] Resolving type for handle workbookec17doctype
2023-03-15 21:22:53,693 TRACE o.a.x.i.c.XBeanDebug [main] Resolving type for handle ctworkbook83c3type
2023-03-15 21:22:53,695 TRACE o.a.x.i.c.XBeanDebug [main] Resolving type for handle ctsheets49fdtype
2023-03-15 21:22:53,697 TRACE o.a.x.i.c.XBeanDebug [main] Resolving type for handle ctsheet4dbetype
2023-03-15 21:22:53,698 TRACE o.a.x.i.c.XBeanDebug [main] Resolving type for handle strelationshipid1e94type
2023-03-15 21:22:53,699 TRACE o.a.x.i.c.XBeanDebug [main] Resolving type for handle worksheetf539doctype
2023-03-15 21:22:53,702 TRACE o.a.x.i.c.XBeanDebug [main] Resolving type for handle ctworksheet530dtype
2023-03-15 21:22:53,707 TRACE o.a.x.i.c.XBeanDebug [main] Resolving type for handle ctsheetdata8408type
2023-03-15 21:22:53,708 TRACE o.a.x.i.c.XBeanDebug [main] Resolving type for handle ctrowdd39type
2023-03-15 21:22:53,711 TRACE o.a.x.i.c.XBeanDebug [main] Resolving type for handle ctcell842btype
2023-03-15 21:22:53,714 TRACE o.a.x.i.c.XBeanDebug [main] Resolving type for handle stcellrefe4e0type
2023-03-15 21:22:53,717 TRACE o.a.x.i.c.XBeanDebug [main] Resolving type for handle ctcols627ctype
2023-03-15 21:22:53,720 TRACE o.a.x.i.c.XBeanDebug [main] Resolving type for handle ctcola95ftype
2023-03-15 21:22:53,729 TRACE o.a.x.i.c.XBeanDebug [main] Resolving type for handle stxstringf179type
