2023-03-15 21:10:09,541 DEBUG o.a.p.o.o.PackageRelationshipCollection [main] Parsing relationship: /xl/_rels/workbook.xml.rels
2023-03-15 21:10:09,558 DEBUG o.a.p.o.o.PackageRelationshipCollection [main] Parsing relationship: /xl/worksheets/_rels/sheet1.xml.rels
2023-03-15 21:10:09,559 DEBUG o.a.p.o.o.PackageRelationshipCollection [main] Parsing relationship: /_rels/.rels
2023-03-15 21:10:09,688 TRACE o.a.x.i.c.XBeanDebug [main] Loading type system org.apache.poi.schemas.ooxml.system.ooxml
2023-03-15 21:10:09,690 TRACE o.a.x.i.c.XBeanDebug [main] Loading type system org.apache.xmlbeans.metadata.system.sXMLCONFIG
2023-03-15 21:10:09,693 TRACE o.a.x.i.c.XBeanDebug [main] Loading type system org.apache.xmlbeans.metadata.system.sXMLLANG
2023-03-15 21:10:09,693 TRACE o.a.x.i.c.XBeanDebug [main] Loading type system org.apache.xmlbeans.metadata.system.sXMLSCHEMA
2023-03-15 21:10:09,694 TRACE o.a.x.i.c.XBeanDebug [main] Loading type system org.apache.xmlbeans.metadata.system.sXMLTOOLS
2023-03-15 21:10:09,695 TRACE o.a.x.i.c.XBeanDebug [main] Reading unresolved handles for type system org.apache.xmlbeans.metadata.system.sXMLTOOLS
2023-03-15 21:10:09,705 TRACE o.a.x.i.c.XBeanDebug [main] Finished loading type system org.apache.xmlbeans.metadata.system.sXMLTOOLS
2023-03-15 21:10:09,706 TRACE o.a.x.i.c.XBeanDebug [main] Reading unresolved handles for type system org.apache.xmlbeans.metadata.system.sXMLSCHEMA
2023-03-15 21:10:09,713 TRACE o.a.x.i.c.XBeanDebug [main] Finished loading type system org.apache.xmlbeans.metadata.system.sXMLSCHEMA
2023-03-15 21:10:09,715 TRACE o.a.x.i.c.XBeanDebug [main] Reading unresolved handles for type system org.apache.xmlbeans.metadata.system.sXMLLANG
2023-03-15 21:10:09,716 TRACE o.a.x.i.c.XBeanDebug [main] Finished loading type system org.apache.xmlbeans.metadata.system.sXMLLANG
2023-03-15 21:10:09,717 TRACE o.a.x.i.c.XBeanDebug [main] Reading unresolved handles for type system org.apache.xmlbeans.metadata.system.sXMLCONFIG
2023-03-15 21:10:09,718 TRACE o.a.x.i.c.XBeanDebug [main] Finished loading type system org.apache.xmlbeans.metadata.system.sXMLCONFIG
2023-03-15 21:10:09,719 TRACE o.a.x.i.c.XBeanDebug [main] Reading unresolved handles for type system org.apache.poi.schemas.ooxml.system.ooxml
2023-03-15 21:10:09,780 TRACE o.a.x.i.c.XBeanDebug [main] Finished loading type system org.apache.poi.schemas.ooxml.system.ooxml
2023-03-15 21:10:09,782 TRACE o.a.x.i.c.XBeanDebug [main] Resolving type for handle themefd26doctype
2023-03-15 21:10:09,837 TRACE o.a.x.i.c.XBeanDebug [main] Resolving type for handle stylesheet5d8bdoctype
2023-03-15 21:10:09,842 TRACE o.a.x.i.c.XBeanDebug [main] Resolving type for handle ctstylesheet4257type
2023-03-15 21:10:09,846 TRACE o.a.x.i.c.XBeanDebug [main] Resolving type for handle ctfonts6623type
2023-03-15 21:10:09,847 TRACE o.a.x.i.c.XBeanDebug [main] Resolving type for handle ctfont14d8type
2023-03-15 21:10:09,851 TRACE o.a.x.i.c.XBeanDebug [main] Resolving type for handle ctfills2c6ftype
2023-03-15 21:10:09,853 TRACE o.a.x.i.c.XBeanDebug [main] Resolving type for handle ctfill550ctype
2023-03-15 21:10:09,854 TRACE o.a.x.i.c.XBeanDebug [main] Resolving type for handle ctborders0d66type
2023-03-15 21:10:09,856 TRACE o.a.x.i.c.XBeanDebug [main] Resolving type for handle ctborderf935type
2023-03-15 21:10:09,858 TRACE o.a.x.i.c.XBeanDebug [main] Resolving type for handle ctcellxfs1322type
2023-03-15 21:10:09,860 TRACE o.a.x.i.c.XBeanDebug [main] Resolving type for handle ctxf97f7type
2023-03-15 21:10:09,862 TRACE o.a.x.i.c.XBeanDebug [main] Resolving type for handle ctcellstylexfsa81ftype
2023-03-15 21:10:09,863 TRACE o.a.x.i.c.XBeanDebug [main] Resolving type for handle ctdxfsb26atype
2023-03-15 21:10:09,865 TRACE o.a.x.i.c.XBeanDebug [main] Resolving type for handle cttablestyles872ftype
2023-03-15 21:10:09,867 TRACE o.a.x.i.c.XBeanDebug [main] Resolving type for handle sstf81fdoctype
2023-03-15 21:10:09,869 TRACE o.a.x.i.c.XBeanDebug [main] Resolving type for handle ctsst44f3type
2023-03-15 21:10:09,873 TRACE o.a.x.i.c.XBeanDebug [main] Resolving type for handle ctrsta472type
2023-03-15 21:10:09,882 DEBUG o.a.p.o.POIXMLFactory [main] using default POIXMLDocumentPart for http://schemas.openxmlformats.org/officeDocument/2006/relationships/printerSettings
2023-03-15 21:10:09,882 TRACE o.a.x.i.c.XBeanDebug [main] Resolving type for handle workbookec17doctype
2023-03-15 21:10:09,886 TRACE o.a.x.i.c.XBeanDebug [main] Resolving type for handle ctworkbook83c3type
2023-03-15 21:10:09,889 TRACE o.a.x.i.c.XBeanDebug [main] Resolving type for handle ctsheets49fdtype
2023-03-15 21:10:09,890 TRACE o.a.x.i.c.XBeanDebug [main] Resolving type for handle ctsheet4dbetype
2023-03-15 21:10:09,891 TRACE o.a.x.i.c.XBeanDebug [main] Resolving type for handle strelationshipid1e94type
2023-03-15 21:10:09,892 TRACE o.a.x.i.c.XBeanDebug [main] Resolving type for handle worksheetf539doctype
2023-03-15 21:10:09,895 TRACE o.a.x.i.c.XBeanDebug [main] Resolving type for handle ctworksheet530dtype
2023-03-15 21:10:09,898 TRACE o.a.x.i.c.XBeanDebug [main] Resolving type for handle ctsheetdata8408type
2023-03-15 21:10:09,899 TRACE o.a.x.i.c.XBeanDebug [main] Resolving type for handle ctrowdd39type
2023-03-15 21:10:09,903 TRACE o.a.x.i.c.XBeanDebug [main] Resolving type for handle ctcell842btype
2023-03-15 21:10:09,906 TRACE o.a.x.i.c.XBeanDebug [main] Resolving type for handle stcellrefe4e0type
2023-03-15 21:10:09,910 TRACE o.a.x.i.c.XBeanDebug [main] Resolving type for handle ctcols627ctype
2023-03-15 21:10:09,912 TRACE o.a.x.i.c.XBeanDebug [main] Resolving type for handle ctcola95ftype
2023-03-15 21:10:09,924 TRACE o.a.x.i.c.XBeanDebug [main] Resolving type for handle stxstringf179type
2023-03-15 21:10:09,930 DEBUG o.a.p.o.o.PackageRelationshipCollection [main] Parsing relationship: /xl/_rels/workbook.xml.rels
2023-03-15 21:10:09,931 DEBUG o.a.p.o.o.PackageRelationshipCollection [main] Parsing relationship: /xl/worksheets/_rels/sheet1.xml.rels
2023-03-15 21:10:09,931 DEBUG o.a.p.o.o.PackageRelationshipCollection [main] Parsing relationship: /_rels/.rels
2023-03-15 21:10:09,939 DEBUG o.a.p.o.POIXMLFactory [main] using default POIXMLDocumentPart for http://schemas.openxmlformats.org/officeDocument/2006/relationships/printerSettings
2023-03-15 21:10:09,944 TRACE o.a.x.i.c.XBeanDebug [main] Resolving type for handle stcelltypebf95type
